Using pre-set license
Built from '2021.3/staging' branch; Version is '2021.3.11f1 (0a5ca18544bf) revision 679073'; Using compiler version '192829333'; Build Type 'Release'
OS: 'Windows 11  (10.0.22621) 64bit Professional' Language: 'en' Physical Memory: 16204 MB
BatchMode: 1, IsHumanControllingUs: 0, StartBugReporterOnCrash: 0, Is64bit: 1, IsPro: 1

COMMAND LINE ARGUMENTS:
C:\Program Files\Unity\Hub\Editor\2021.3.11f1\Editor\Unity.exe
-adb2
-batchMode
-noUpm
-name
AssetImportWorker2
-projectPath
C:/Users/danie/Skybound Dash
-logFile
Logs/AssetImportWorker2.log
-srvPort
57857
Successfully changed project path to: C:/Users/danie/Skybound Dash
C:/Users/danie/Skybound Dash
[UnityMemory] Configuration Parameters - Can be set up in boot.config
    "memorysetup-bucket-allocator-granularity=16"
    "memorysetup-bucket-allocator-bucket-count=8"
    "memorysetup-bucket-allocator-block-size=33554432"
    "memorysetup-bucket-allocator-block-count=8"
    "memorysetup-main-allocator-block-size=16777216"
    "memorysetup-thread-allocator-block-size=16777216"
    "memorysetup-gfx-main-allocator-block-size=16777216"
    "memorysetup-gfx-thread-allocator-block-size=16777216"
    "memorysetup-cache-allocator-block-size=4194304"
    "memorysetup-typetree-allocator-block-size=2097152"
    "memorysetup-profiler-bucket-allocator-granularity=16"
    "memorysetup-profiler-bucket-allocator-bucket-count=8"
    "memorysetup-profiler-bucket-allocator-block-size=33554432"
    "memorysetup-profiler-bucket-allocator-block-count=8"
    "memorysetup-profiler-allocator-block-size=16777216"
    "memorysetup-profiler-editor-allocator-block-size=1048576"
    "memorysetup-temp-allocator-size-main=16777216"
    "memorysetup-job-temp-allocator-block-size=2097152"
    "memorysetup-job-temp-allocator-block-size-background=1048576"
    "memorysetup-job-temp-allocator-reduction-small-platforms=262144"
    "memorysetup-temp-allocator-size-background-worker=32768"
    "memorysetup-temp-allocator-size-job-worker=262144"
    "memorysetup-temp-allocator-size-preload-manager=33554432"
    "memorysetup-temp-allocator-size-nav-mesh-worker=65536"
    "memorysetup-temp-allocator-size-audio-worker=65536"
    "memorysetup-temp-allocator-size-cloud-worker=32768"
    "memorysetup-temp-allocator-size-gi-baking-worker=262144"
    "memorysetup-temp-allocator-size-gfx=262144"
Refreshing native plugins compatible for Editor in 101.68 ms, found 4 plugins.
Preloading 0 native plugins for Editor in 0.00 ms.
Initialize engine version: 2021.3.11f1 (0a5ca18544bf)
[Subsystems] Discovering subsystems at path C:/Program Files/Unity/Hub/Editor/2021.3.11f1/Editor/Data/Resources/UnitySubsystems
[Subsystems] Discovering subsystems at path C:/Users/danie/Skybound Dash/Assets
GfxDevice: creating device client; threaded=0; jobified=0
Direct3D:
    Version:  Direct3D 11.0 [level 11.1]
    Renderer: Intel(R) UHD Graphics (ID=0x9bc4)
    Vendor:   Intel
    VRAM:     8102 MB
    Driver:   26.20.100.7642
Initialize mono
Mono path[0] = 'C:/Program Files/Unity/Hub/Editor/2021.3.11f1/Editor/Data/Managed'
Mono path[1] = 'C:/Program Files/Unity/Hub/Editor/2021.3.11f1/Editor/Data/MonoBleedingEdge/lib/mono/unityjit-win32'
Mono config path = 'C:/Program Files/Unity/Hub/Editor/2021.3.11f1/Editor/Data/MonoBleedingEdge/etc'
Using monoOptions --debugger-agent=transport=dt_socket,embedding=1,server=y,suspend=n,address=127.0.0.1:56704
Begin MonoManager ReloadAssembly
Registering precompiled unity dll's ...
Register platform support module: C:/Program Files/Unity/Hub/Editor/2021.3.11f1/Editor/Data/PlaybackEngines/WebGLSupport/UnityEditor.WebGL.Extensions.dll
Register platform support module: C:/Program Files/Unity/Hub/Editor/2021.3.11f1/Editor/Data/PlaybackEngines/iOSSupport/UnityEditor.iOS.Extensions.dll
Register platform support module: C:/Program Files/Unity/Hub/Editor/2021.3.11f1/Editor/Data/PlaybackEngines/WindowsStandaloneSupport/UnityEditor.WindowsStandalone.Extensions.dll
Registered in 0.009300 seconds.
Native extension for WindowsStandalone target not found
[usbmuxd] Start listen thread
[usbmuxd] Listen thread started
[usbmuxd] Send listen message
Native extension for iOS target not found
Native extension for WebGL target not found
Refreshing native plugins compatible for Editor in 141.28 ms, found 4 plugins.
Preloading 0 native plugins for Editor in 0.00 ms.
Mono: successfully reloaded assembly
- Completed reload, in  0.906 seconds
Domain Reload Profiling:
	ReloadAssembly (907ms)
		BeginReloadAssembly (100ms)
			ExecutionOrderSort (0ms)
			DisableScriptedObjects (0ms)
			BackupInstance (0ms)
			ReleaseScriptingObjects (0ms)
			CreateAndSetChildDomain (1ms)
		EndReloadAssembly (658ms)
			LoadAssemblies (97ms)
			RebuildTransferFunctionScriptingTraits (0ms)
			SetupTypeCache (144ms)
			ReleaseScriptCaches (0ms)
			RebuildScriptCaches (37ms)
			SetupLoadedEditorAssemblies (412ms)
				LogAssemblyErrors (0ms)
				InitializePlatformSupportModulesInManaged (34ms)
				SetLoadedEditorAssemblies (0ms)
				RefreshPlugins (141ms)
				BeforeProcessingInitializeOnLoad (1ms)
				ProcessInitializeOnLoadAttributes (181ms)
				ProcessInitializeOnLoadMethodAttributes (54ms)
				AfterProcessingInitializeOnLoad (0ms)
				EditorAssembliesLoaded (0ms)
			ExecutionOrderSort2 (0ms)
			AwakeInstancesAfterBackupRestoration (0ms)
Platform modules already initialized, skipping
Registering precompiled user dll's ...
Registered in 0.010612 seconds.
Begin MonoManager ReloadAssembly
Symbol file LoadedFromMemory doesn't match image C:\Users\danie\Skybound Dash\Library\PackageCache\com.unity.visualscripting@1.7.8\Editor\VisualScripting.Core\Dependencies\YamlDotNet\Unity.VisualScripting.YamlDotNet.dll
Symbol file LoadedFromMemory doesn't match image C:\Users\danie\Skybound Dash\Library\PackageCache\com.unity.visualscripting@1.7.8\Editor\VisualScripting.Core\Dependencies\DotNetZip\Unity.VisualScripting.IonicZip.dll
Native extension for WindowsStandalone target not found
Native extension for iOS target not found
Native extension for WebGL target not found
Refreshing native plugins compatible for Editor in 156.47 ms, found 4 plugins.
Preloading 0 native plugins for Editor in 0.00 ms.
Mono: successfully reloaded assembly
Package Manager log level set to [2]
- Completed reload, in  1.800 seconds
Domain Reload Profiling:
	ReloadAssembly (1801ms)
		BeginReloadAssembly (150ms)
			ExecutionOrderSort (0ms)
			DisableScriptedObjects (9ms)
			BackupInstance (0ms)
			ReleaseScriptingObjects (0ms)
			CreateAndSetChildDomain (24ms)
		EndReloadAssembly (1488ms)
			LoadAssemblies (119ms)
			RebuildTransferFunctionScriptingTraits (0ms)
			SetupTypeCache (392ms)
			ReleaseScriptCaches (1ms)
			RebuildScriptCaches (93ms)
			SetupLoadedEditorAssemblies (800ms)
				LogAssemblyErrors (0ms)
				InitializePlatformSupportModulesInManaged (32ms)
				SetLoadedEditorAssemblies (0ms)
				RefreshPlugins (157ms)
				BeforeProcessingInitializeOnLoad (172ms)
				ProcessInitializeOnLoadAttributes (375ms)
				ProcessInitializeOnLoadMethodAttributes (54ms)
				AfterProcessingInitializeOnLoad (10ms)
				EditorAssembliesLoaded (0ms)
			ExecutionOrderSort2 (0ms)
			AwakeInstancesAfterBackupRestoration (7ms)
Platform modules already initialized, skipping
========================================================================
Worker process is ready to serve import requests
Launched and connected shader compiler UnityShaderCompiler.exe after 0.06 seconds
Refreshing native plugins compatible for Editor in 0.88 ms, found 4 plugins.
Preloading 0 native plugins for Editor in 0.00 ms.
Unloading 4330 Unused Serialized files (Serialized files now loaded: 0)
Unloading 60 unused Assets / (229.1 KB). Loaded Objects now: 4767.
Memory consumption went from 161.4 MB to 161.2 MB.
Total: 4.858600 ms (FindLiveObjects: 0.465900 ms CreateObjectMapping: 0.433200 ms MarkObjects: 3.748000 ms  DeleteObjects: 0.210200 ms)

AssetImportParameters requested are different than current active one (requested -> active):
  custom:video-decoder-ogg-theora: a1e56fd34408186e4bbccfd4996cb3dc -> 
  custom:container-muxer-webm: aa71ff27fc2769a1b78a27578f13a17b -> 
  custom:container-demuxer-webm: 4f35f7cbe854078d1ac9338744f61a02 -> 
  custom:video-encoder-webm-vp8: eb34c28f22e8b96e1ab97ce403110664 -> 
  custom:video-codec-MediaFoundation-h265: e54d7ab0439102e2317fc1e4b246158d -> 
  custom:audio-encoder-webm-vorbis: bf7c407c2cedff20999df2af8eb42d56 -> 
  custom:framework-win-MediaFoundation: 216162199b28c13a410421893ffa2e32 -> 
  custom:container-demuxer-ogg: 62fdf1f143b41e24485cea50d1cbac27 -> 
  custom:video-decoder-webm-vp8: 9c59270c3fd7afecdb556c50c9e8de78 -> 
  custom:audio-decoder-ogg-vorbis: bf7c407c2cedff20999df2af8eb42d56 -> 
========================================================================
Received Import Request.
  Time since last request: 30235.757625 seconds.
  path: Assets/Music Tracks/JumpyGame.wav
  artifactKey: Guid(d8f7a78a964aa489aafb3749d805cd4b) Importer(815301076,1909f56bfc062723c751e8b465ee728b)
Start importing Assets/Music Tracks/JumpyGame.wav using Guid(d8f7a78a964aa489aafb3749d805cd4b) Importer(815301076,1909f56bfc062723c751e8b465ee728b)  -> (artifact id: '1a98a34a2a5654876a237dc7763e6036') in 0.174141 seconds 
========================================================================
Received Import Request.
  Time since last request: 0.000025 seconds.
  path: Assets/Music Tracks/Tiny_Blocks.wav
  artifactKey: Guid(5d6e42b338547477aa7a88708f894463) Importer(815301076,1909f56bfc062723c751e8b465ee728b)
Start importing Assets/Music Tracks/Tiny_Blocks.wav using Guid(5d6e42b338547477aa7a88708f894463) Importer(815301076,1909f56bfc062723c751e8b465ee728b)  -> (artifact id: 'd59ed27dae82059875dc3b7ac2bc43d5') in 0.029454 seconds 
========================================================================
Received Import Request.
  Time since last request: 0.000054 seconds.
  path: Assets/Music Tracks/Chunky_Monkey.wav
  artifactKey: Guid(956ad2f73332544fd87365087825cc4f) Importer(815301076,1909f56bfc062723c751e8b465ee728b)
Start importing Assets/Music Tracks/Chunky_Monkey.wav using Guid(956ad2f73332544fd87365087825cc4f) Importer(815301076,1909f56bfc062723c751e8b465ee728b)  -> (artifact id: 'b337c0e5e9bfd5d44dd5485c95fbb1da') in 0.034194 seconds 
========================================================================
Received Import Request.
  Time since last request: 14.886286 seconds.
  path: Assets/Free UI Click Sound Effects Pack/Artwork.png
  artifactKey: Guid(ec0edce0a6c4a6b4f86ff25affdf7f10) Importer(815301076,1909f56bfc062723c751e8b465ee728b)
Start importing Assets/Free UI Click Sound Effects Pack/Artwork.png using Guid(ec0edce0a6c4a6b4f86ff25affdf7f10) Importer(815301076,1909f56bfc062723c751e8b465ee728b)  -> (artifact id: '492101fb7bb6011e8bdf322549195ff7') in 0.073205 seconds 
========================================================================
Received Import Request.
  Time since last request: 1.845890 seconds.
  path: Assets/Free UI Click Sound Effects Pack/AUDIO
  artifactKey: Guid(47a1cc7791b33824c9cc945a7c6843a0) Importer(815301076,1909f56bfc062723c751e8b465ee728b)
Start importing Assets/Free UI Click Sound Effects Pack/AUDIO using Guid(47a1cc7791b33824c9cc945a7c6843a0) Importer(815301076,1909f56bfc062723c751e8b465ee728b)  -> (artifact id: 'b580cb6e94e1aac9e5ef7d2d10b324d1') in 0.030569 seconds 
========================================================================
Received Import Request.
  Time since last request: 3.007762 seconds.
  path: Assets/Free UI Click Sound Effects Pack/AUDIO/Pop/SFX_UI_Click_Designed_Pop_Generic_1.wav
  artifactKey: Guid(9d0113dd16699ce4ea3c58dd422fdc1f) Importer(815301076,1909f56bfc062723c751e8b465ee728b)
Start importing Assets/Free UI Click Sound Effects Pack/AUDIO/Pop/SFX_UI_Click_Designed_Pop_Generic_1.wav using Guid(9d0113dd16699ce4ea3c58dd422fdc1f) Importer(815301076,1909f56bfc062723c751e8b465ee728b)  -> (artifact id: '1b63d0d3fc719d9cc68d1e228e287313') in 0.070700 seconds 
========================================================================
Received Import Request.
  Time since last request: 0.000065 seconds.
  path: Assets/Free UI Click Sound Effects Pack/AUDIO/Pop/SFX_UI_Click_Designed_Pop_Thick_Generic_1.wav
  artifactKey: Guid(09f8dc09efedc414784e7ba556669245) Importer(815301076,1909f56bfc062723c751e8b465ee728b)
Start importing Assets/Free UI Click Sound Effects Pack/AUDIO/Pop/SFX_UI_Click_Designed_Pop_Thick_Generic_1.wav using Guid(09f8dc09efedc414784e7ba556669245) Importer(815301076,1909f56bfc062723c751e8b465ee728b)  -> (artifact id: 'fa39884a4ab398594bfe5959ede3a235') in 0.073336 seconds 
========================================================================
Received Import Request.
  Time since last request: 0.000086 seconds.
  path: Assets/Free UI Click Sound Effects Pack/AUDIO/Pop/SFX_UI_Click_Organic_Pop_Negative_1.wav
  artifactKey: Guid(4e002e449fed29440b6a89814af2e231) Importer(815301076,1909f56bfc062723c751e8b465ee728b)
Start importing Assets/Free UI Click Sound Effects Pack/AUDIO/Pop/SFX_UI_Click_Organic_Pop_Negative_1.wav using Guid(4e002e449fed29440b6a89814af2e231) Importer(815301076,1909f56bfc062723c751e8b465ee728b)  -> (artifact id: '948d2caa3dfe37230eb58a1e455adb58') in 0.043080 seconds 
========================================================================
Received Import Request.
  Time since last request: 0.000026 seconds.
  path: Assets/Free UI Click Sound Effects Pack/AUDIO/Pop/SFX_UI_Click_Organic_Pop_Liquid_Thick_Generic_1.wav
  artifactKey: Guid(ebb03b2b009894845b81a64051a5c698) Importer(815301076,1909f56bfc062723c751e8b465ee728b)
Start importing Assets/Free UI Click Sound Effects Pack/AUDIO/Pop/SFX_UI_Click_Organic_Pop_Liquid_Thick_Generic_1.wav using Guid(ebb03b2b009894845b81a64051a5c698) Importer(815301076,1909f56bfc062723c751e8b465ee728b)  -> (artifact id: '46a5480203b5f2ccf4db50ae4d0a1be8') in 0.029492 seconds 
========================================================================
Received Import Request.
  Time since last request: 0.000023 seconds.
  path: Assets/Free UI Click Sound Effects Pack/AUDIO/Pop/SFX_UI_Click_Organic_Pop_Negative_2.wav
  artifactKey: Guid(1340ba1fa579f674ab71453241682a8a) Importer(815301076,1909f56bfc062723c751e8b465ee728b)
Start importing Assets/Free UI Click Sound Effects Pack/AUDIO/Pop/SFX_UI_Click_Organic_Pop_Negative_2.wav using Guid(1340ba1fa579f674ab71453241682a8a) Importer(815301076,1909f56bfc062723c751e8b465ee728b)  -> (artifact id: '3ce66be6bb8dd2a581c62ceb6f57c55b') in 0.020569 seconds 
========================================================================
Received Prepare
Registering precompiled user dll's ...
Registered in 0.011539 seconds.
Begin MonoManager ReloadAssembly
Symbol file LoadedFromMemory doesn't match image C:\Users\danie\Skybound Dash\Library\PackageCache\com.unity.visualscripting@1.7.8\Editor\VisualScripting.Core\Dependencies\YamlDotNet\Unity.VisualScripting.YamlDotNet.dll
Symbol file LoadedFromMemory doesn't match image C:\Users\danie\Skybound Dash\Library\PackageCache\com.unity.visualscripting@1.7.8\Editor\VisualScripting.Core\Dependencies\DotNetZip\Unity.VisualScripting.IonicZip.dll
Native extension for WindowsStandalone target not found
Native extension for iOS target not found
Native extension for WebGL target not found
Refreshing native plugins compatible for Editor in 1.11 ms, found 4 plugins.
Preloading 0 native plugins for Editor in 0.00 ms.
Mono: successfully reloaded assembly
- Completed reload, in  1.286 seconds
Domain Reload Profiling:
	ReloadAssembly (1287ms)
		BeginReloadAssembly (139ms)
			ExecutionOrderSort (0ms)
			DisableScriptedObjects (7ms)
			BackupInstance (0ms)
			ReleaseScriptingObjects (0ms)
			CreateAndSetChildDomain (44ms)
		EndReloadAssembly (1050ms)
			LoadAssemblies (100ms)
			RebuildTransferFunctionScriptingTraits (0ms)
			SetupTypeCache (330ms)
			ReleaseScriptCaches (2ms)
			RebuildScriptCaches (61ms)
			SetupLoadedEditorAssemblies (481ms)
				LogAssemblyErrors (0ms)
				InitializePlatformSupportModulesInManaged (37ms)
				SetLoadedEditorAssemblies (1ms)
				RefreshPlugins (1ms)
				BeforeProcessingInitializeOnLoad (101ms)
				ProcessInitializeOnLoadAttributes (280ms)
				ProcessInitializeOnLoadMethodAttributes (52ms)
				AfterProcessingInitializeOnLoad (9ms)
				EditorAssembliesLoaded (0ms)
			ExecutionOrderSort2 (0ms)
			AwakeInstancesAfterBackupRestoration (11ms)
Platform modules already initialized, skipping
Refreshing native plugins compatible for Editor in 6.17 ms, found 4 plugins.
Preloading 0 native plugins for Editor in 0.00 ms.
Unloading 4312 Unused Serialized files (Serialized files now loaded: 0)
Unloading 47 unused Assets / (195.7 KB). Loaded Objects now: 4781.
Memory consumption went from 164.4 MB to 164.2 MB.
Total: 4.603900 ms (FindLiveObjects: 0.543300 ms CreateObjectMapping: 0.413100 ms MarkObjects: 3.473400 ms  DeleteObjects: 0.172700 ms)

AssetImportParameters requested are different than current active one (requested -> active):
  custom:video-decoder-ogg-theora: a1e56fd34408186e4bbccfd4996cb3dc -> 
  custom:container-muxer-webm: aa71ff27fc2769a1b78a27578f13a17b -> 
  custom:container-demuxer-webm: 4f35f7cbe854078d1ac9338744f61a02 -> 
  custom:video-encoder-webm-vp8: eb34c28f22e8b96e1ab97ce403110664 -> 
  custom:video-codec-MediaFoundation-h265: e54d7ab0439102e2317fc1e4b246158d -> 
  custom:audio-encoder-webm-vorbis: bf7c407c2cedff20999df2af8eb42d56 -> 
  custom:framework-win-MediaFoundation: 216162199b28c13a410421893ffa2e32 -> 
  custom:container-demuxer-ogg: 62fdf1f143b41e24485cea50d1cbac27 -> 
  custom:video-decoder-webm-vp8: 9c59270c3fd7afecdb556c50c9e8de78 -> 
  custom:audio-decoder-ogg-vorbis: bf7c407c2cedff20999df2af8eb42d56 -> 
========================================================================
Received Import Request.
  Time since last request: 582.896954 seconds.
  path: Assets/Scripts/Player.cs
  artifactKey: Guid(ec32ebd967845da4e9650d6a040dd829) Importer(815301076,1909f56bfc062723c751e8b465ee728b)
Start importing Assets/Scripts/Player.cs using Guid(ec32ebd967845da4e9650d6a040dd829) Importer(815301076,1909f56bfc062723c751e8b465ee728b)  -> (artifact id: '99a92eb0be443f27d6ad7a9b077b852f') in 0.044475 seconds 
